0 info it worked if it ends with ok
1 verbose cli [ 'node', '/usr/local/bin/npm', 'install', 'debug' ]
2 info using npm@1.4.28
3 info using node@v0.10.33
4 verbose readDependencies using package.json deps
5 verbose cache add [ 'debug@~2.0.0', null ]
6 verbose cache add name=undefined spec="debug@~2.0.0" args=["debug@~2.0.0",null]
7 verbose parsed url { protocol: null,
7 verbose parsed url   slashes: null,
7 verbose parsed url   auth: null,
7 verbose parsed url   host: null,
7 verbose parsed url   port: null,
7 verbose parsed url   hostname: null,
7 verbose parsed url   hash: null,
7 verbose parsed url   search: null,
7 verbose parsed url   query: null,
7 verbose parsed url   pathname: 'debug@~2.0.0',
7 verbose parsed url   path: 'debug@~2.0.0',
7 verbose parsed url   href: 'debug@~2.0.0' }
8 verbose cache add name="debug" spec="~2.0.0" args=["debug","~2.0.0"]
9 verbose parsed url { protocol: null,
9 verbose parsed url   slashes: null,
9 verbose parsed url   auth: null,
9 verbose parsed url   host: null,
9 verbose parsed url   port: null,
9 verbose parsed url   hostname: null,
9 verbose parsed url   hash: null,
9 verbose parsed url   search: null,
9 verbose parsed url   query: null,
9 verbose parsed url   pathname: '~2.0.0',
9 verbose parsed url   path: '~2.0.0',
9 verbose parsed url   href: '~2.0.0' }
10 verbose addNamed [ 'debug', '~2.0.0' ]
11 verbose addNamed [ null, '>=2.0.0-0 <2.1.0-0' ]
12 silly lockFile 12b6356d-debug-2-0-0 debug@~2.0.0
13 verbose lock debug@~2.0.0 /Users/davidpeso/.npm/12b6356d-debug-2-0-0.lock
14 silly addNameRange { name: 'debug', range: '>=2.0.0-0 <2.1.0-0', hasData: false }
15 verbose request where is /debug
16 verbose request registry http://registry.npmjs.org/
17 verbose request id 7308f4f0c9e96a5d
18 verbose url raw /debug
19 verbose url resolving [ 'http://registry.npmjs.org/', './debug' ]
20 verbose url resolved http://registry.npmjs.org/debug
21 verbose request where is http://registry.npmjs.org/debug
22 info trying registry request attempt 1 at 12:38:20
23 verbose etag "BUNFD1NZT99WPV36G9YF4WPQA"
24 http GET http://registry.npmjs.org/debug
25 http 304 http://registry.npmjs.org/debug
26 silly registry.get cb [ 304,
26 silly registry.get   { date: 'Thu, 19 Mar 2015 16:38:20 GMT',
26 silly registry.get     via: '1.1 varnish',
26 silly registry.get     'last-modified': 'Thu, 19 Mar 2015 16:38:20 GMT',
26 silly registry.get     'cache-control': 'max-age=60',
26 silly registry.get     etag: '"BUNFD1NZT99WPV36G9YF4WPQA"',
26 silly registry.get     age: '26',
26 silly registry.get     connection: 'keep-alive',
26 silly registry.get     'x-served-by': 'cache-jfk1032-JFK',
26 silly registry.get     'x-cache': 'HIT',
26 silly registry.get     'x-cache-hits': '1',
26 silly registry.get     'x-timer': 'S1426783100.294499,VS0,VE0',
26 silly registry.get     vary: 'Accept' } ]
27 verbose etag http://registry.npmjs.org/debug from cache
28 silly addNameRange number 2 { name: 'debug', range: '>=2.0.0-0 <2.1.0-0', hasData: true }
29 silly addNameRange versions [ 'debug',
29 silly addNameRange   [ '0.0.1',
29 silly addNameRange     '0.1.0',
29 silly addNameRange     '0.2.0',
29 silly addNameRange     '0.3.0',
29 silly addNameRange     '0.4.0',
29 silly addNameRange     '0.4.1',
29 silly addNameRange     '0.5.0',
29 silly addNameRange     '0.6.0',
29 silly addNameRange     '0.7.0',
29 silly addNameRange     '0.7.1',
29 silly addNameRange     '0.7.2',
29 silly addNameRange     '0.7.3',
29 silly addNameRange     '0.7.4',
29 silly addNameRange     '0.8.0',
29 silly addNameRange     '0.8.1',
29 silly addNameRange     '1.0.0',
29 silly addNameRange     '1.0.1',
29 silly addNameRange     '1.0.2',
29 silly addNameRange     '1.0.3',
29 silly addNameRange     '1.0.4',
29 silly addNameRange     '2.0.0',
29 silly addNameRange     '2.1.0',
29 silly addNameRange     '2.1.1',
29 silly addNameRange     '2.1.2',
29 silly addNameRange     '2.1.3' ] ]
30 verbose addNamed [ 'debug', '2.0.0' ]
31 verbose addNamed [ '2.0.0', '2.0.0' ]
32 silly lockFile 095bd820-debug-2-0-0 debug@2.0.0
33 verbose lock debug@2.0.0 /Users/davidpeso/.npm/095bd820-debug-2-0-0.lock
34 silly lockFile 0f051183--npmjs-org-debug-debug-2-0-0-tgz http://registry.npmjs.org/debug/-/debug-2.0.0.tgz
35 verbose lock http://registry.npmjs.org/debug/-/debug-2.0.0.tgz /Users/davidpeso/.npm/0f051183--npmjs-org-debug-debug-2-0-0-tgz.lock
36 verbose addRemoteTarball [ 'http://registry.npmjs.org/debug/-/debug-2.0.0.tgz',
36 verbose addRemoteTarball   '89bd9df6732b51256bc6705342bba02ed12131ef' ]
37 info retry fetch attempt 1 at 12:38:20
38 verbose fetch to= /var/folders/55/l1nnzcmj1_7bprth6v_3v1q80000gn/T/npm-16084-lsiURiCn/registry.npmjs.org/debug/-/debug-2.0.0.tgz
39 http GET http://registry.npmjs.org/debug/-/debug-2.0.0.tgz
40 http 200 http://registry.npmjs.org/debug/-/debug-2.0.0.tgz
41 silly lockFile 0f051183--npmjs-org-debug-debug-2-0-0-tgz http://registry.npmjs.org/debug/-/debug-2.0.0.tgz
42 silly lockFile 0f051183--npmjs-org-debug-debug-2-0-0-tgz http://registry.npmjs.org/debug/-/debug-2.0.0.tgz
43 silly lockFile 095bd820-debug-2-0-0 debug@2.0.0
44 silly lockFile 095bd820-debug-2-0-0 debug@2.0.0
45 silly lockFile 12b6356d-debug-2-0-0 debug@~2.0.0
46 silly lockFile 12b6356d-debug-2-0-0 debug@~2.0.0
47 error Error: EACCES, mkdir '/Users/davidpeso/.npm/debug/2.0.0'
47 error  { [Error: EACCES, mkdir '/Users/davidpeso/.npm/debug/2.0.0']
47 error   errno: 3,
47 error   code: 'EACCES',
47 error   path: '/Users/davidpeso/.npm/debug/2.0.0',
47 error   parent: 'eventbrite_app' }
48 error Please try running this command again as root/Administrator.
49 error System Darwin 14.1.0
50 error command "node" "/usr/local/bin/npm" "install" "debug"
51 error cwd /Users/davidpeso/Desktop/eventbrite
52 error node -v v0.10.33
53 error npm -v 1.4.28
54 error path /Users/davidpeso/.npm/debug/2.0.0
55 error code EACCES
56 error errno 3
57 error stack Error: EACCES, mkdir '/Users/davidpeso/.npm/debug/2.0.0'
58 verbose exit [ 3, true ]
